<?xml version="1.0" encoding="UTF-8"?>
<testng-results skipped="0" failed="0" total="1" passed="1">
  <reporter-output>
  </reporter-output>
  <suite name="Suite" duration-ms="44" started-at="2016-11-03T09:16:57Z" finished-at="2016-11-03T09:16:57Z">
    <groups>
    </groups>
    <test name="Test" duration-ms="44" started-at="2016-11-03T09:16:57Z" finished-at="2016-11-03T09:16:57Z">
      <class name="com.maven.sample.NewTest">
        <test-method status="PASS" signature="beforeTest()[pri:0, instance:com.maven.sample.NewTest@1226fe1]" name="beforeTest" is-config="true" duration-ms="14" started-at="2016-11-03T14:46:57Z" finished-at="2016-11-03T14:46:57Z">
          <reporter-output>
          </reporter-output>
        </test-method> <!-- beforeTest -->
        <test-method status="PASS" signature="foh()[pri:0, instance:com.maven.sample.NewTest@1226fe1]" name="foh" duration-ms="8" started-at="2016-11-03T14:46:57Z" finished-at="2016-11-03T14:46:57Z">
          <reporter-output>
          </reporter-output>
        </test-method> <!-- foh -->
        <test-method status="PASS" signature="afterTest()[pri:0, instance:com.maven.sample.NewTest@1226fe1]" name="afterTest" is-config="true" duration-ms="1" started-at="2016-11-03T14:46:57Z" finished-at="2016-11-03T14:46:57Z">
          <reporter-output>
          </reporter-output>
        </test-method> <!-- afterTest -->
      </class> <!-- com.maven.sample.NewTest -->
    </test> <!-- Test -->
  </suite> <!-- Suite -->
</testng-results>
