<?xml version="1.0" encoding="UTF-8"?>
<testng-results skipped="0" failed="0" total="2" passed="2">
  <reporter-output>
  </reporter-output>
  <suite name="Suite" duration-ms="42779" started-at="2016-11-06T18:35:36Z" finished-at="2016-11-06T18:36:19Z">
    <groups>
    </groups>
    <test name="Test" duration-ms="42779" started-at="2016-11-06T18:35:36Z" finished-at="2016-11-06T18:36:19Z">
      <class name="com.maven.abc.com.maven.abc.Example1">
        <test-method status="PASS" signature="getData()[pri:0, instance:com.maven.abc.com.maven.abc.Example1@71506a1e]" name="getData" is-config="true" duration-ms="12" started-at="2016-11-06T10:35:36Z" finished-at="2016-11-06T10:35:36Z">
          <reporter-output>
          </reporter-output>
        </test-method> <!-- getData -->
        <test-method status="PASS" signature="testRandom()[pri:0, instance:com.maven.abc.com.maven.abc.Example1@71506a1e]" name="testRandom" duration-ms="17229" started-at="2016-11-06T10:35:36Z" finished-at="2016-11-06T10:35:54Z">
          <reporter-output>
          </reporter-output>
        </test-method> <!-- testRandom -->
        <test-method status="PASS" signature="tearDown()[pri:0, instance:com.maven.abc.com.maven.abc.Example1@71506a1e]" name="tearDown" is-config="true" duration-ms="1034" started-at="2016-11-06T10:35:54Z" finished-at="2016-11-06T10:35:55Z">
          <reporter-output>
          </reporter-output>
        </test-method> <!-- tearDown -->
        <test-method status="PASS" signature="testcognizantMail()[pri:0, instance:com.maven.abc.com.maven.abc.Example1@71506a1e]" name="testcognizantMail" duration-ms="23332" started-at="2016-11-06T10:35:55Z" finished-at="2016-11-06T10:36:18Z">
          <reporter-output>
          </reporter-output>
        </test-method> <!-- testcognizantMail -->
        <test-method status="PASS" signature="getData()[pri:0, instance:com.maven.abc.com.maven.abc.Example1@71506a1e]" name="getData" is-config="true" duration-ms="0" started-at="2016-11-06T10:35:55Z" finished-at="2016-11-06T10:35:55Z">
          <reporter-output>
          </reporter-output>
        </test-method> <!-- getData -->
        <test-method status="PASS" signature="tearDown()[pri:0, instance:com.maven.abc.com.maven.abc.Example1@71506a1e]" name="tearDown" is-config="true" duration-ms="1070" started-at="2016-11-06T10:36:18Z" finished-at="2016-11-06T10:36:19Z">
          <reporter-output>
          </reporter-output>
        </test-method> <!-- tearDown -->
      </class> <!-- com.maven.abc.com.maven.abc.Example1 -->
    </test> <!-- Test -->
  </suite> <!-- Suite -->
</testng-results>
